Parsing vnfs and fgs
50000
1694
48971
Parsing time (s): 3.40355014801
Initializing affinity dataset
Process PoolWorker-8:
Process PoolWorker-7:
Traceback (most recent call last):
Traceback (most recent call last):
  File "/usr/lib/python2.7/multiprocessing/process.py", line 258, in _bootstrap
  File "/usr/lib/python2.7/multiprocessing/process.py", line 258, in _bootstrap
Process PoolWorker-5:
Traceback (most recent call last):
  File "/usr/lib/python2.7/multiprocessing/process.py", line 258, in _bootstrap
Process PoolWorker-3:
Traceback (most recent call last):
  File "/usr/lib/python2.7/multiprocessing/process.py", line 258, in _bootstrap
    self.run()
    self.run()
  File "/usr/lib/python2.7/multiprocessing/process.py", line 114, in run
  File "/usr/lib/python2.7/multiprocessing/process.py", line 114, in run
    self._target(*self._args, **self._kwargs)
    self._target(*self._args, **self._kwargs)
  File "/usr/lib/python2.7/multiprocessing/pool.py", line 113, in worker
  File "/usr/lib/python2.7/multiprocessing/pool.py", line 113, in worker
    self.run()
  File "/usr/lib/python2.7/multiprocessing/process.py", line 114, in run
    self._target(*self._args, **self._kwargs)
    self.run()
  File "/usr/lib/python2.7/multiprocessing/pool.py", line 113, in worker
  File "/usr/lib/python2.7/multiprocessing/process.py", line 114, in run
    self._target(*self._args, **self._kwargs)
  File "/usr/lib/python2.7/multiprocessing/pool.py", line 113, in worker
    result = (True, func(*args, **kwds))
    result = (True, func(*args, **kwds))
  File "/usr/lib/python2.7/multiprocessing/pool.py", line 65, in mapstar
  File "/usr/lib/python2.7/multiprocessing/pool.py", line 65, in mapstar
    return map(*args)
    return map(*args)
  File "main.py", line 77, in init_dataset_slice
  File "main.py", line 77, in init_dataset_slice
    result = (True, func(*args, **kwds))
    result = (True, func(*args, **kwds))
  File "/usr/lib/python2.7/multiprocessing/pool.py", line 65, in mapstar
  File "/usr/lib/python2.7/multiprocessing/pool.py", line 65, in mapstar
    return map(*args)
    return map(*args)
  File "main.py", line 77, in init_dataset_slice
  File "main.py", line 77, in init_dataset_slice
    result = init_affinity((vnf_a, vnf_b))
    result = init_affinity((vnf_a, vnf_b))
  File "main.py", line 49, in init_affinity
    if ((f.src == vnf_a.label and f.dst == vnf_b.label) or (f.src == vnf_b.label and f.dst == vnf_a.label)):
KeyboardInterrupt
Process PoolWorker-6:
    result = init_affinity((vnf_a, vnf_b))
Traceback (most recent call last):
  File "main.py", line 49, in init_affinity
    if ((f.src == vnf_a.label and f.dst == vnf_b.label) or (f.src == vnf_b.label and f.dst == vnf_a.label)):
  File "/usr/lib/python2.7/multiprocessing/process.py", line 258, in _bootstrap
KeyboardInterrupt
    self.run()
  File "/usr/lib/python2.7/multiprocessing/process.py", line 114, in run
    self._target(*self._args, **self._kwargs)
  File "/usr/lib/python2.7/multiprocessing/pool.py", line 113, in worker
    result = (True, func(*args, **kwds))
  File "/usr/lib/python2.7/multiprocessing/pool.py", line 65, in mapstar
    return map(*args)
  File "main.py", line 77, in init_dataset_slice
Process PoolWorker-1:
    result = init_affinity((vnf_a, vnf_b))
  File "main.py", line 49, in init_affinity
Traceback (most recent call last):
    if ((f.src == vnf_a.label and f.dst == vnf_b.label) or (f.src == vnf_b.label and f.dst == vnf_a.label)):
  File "/usr/lib/python2.7/multiprocessing/process.py", line 258, in _bootstrap
KeyboardInterrupt
    self.run()
  File "/usr/lib/python2.7/multiprocessing/process.py", line 114, in run
    self._target(*self._args, **self._kwargs)
  File "/usr/lib/python2.7/multiprocessing/pool.py", line 113, in worker
    result = (True, func(*args, **kwds))
  File "/usr/lib/python2.7/multiprocessing/pool.py", line 65, in mapstar
    return map(*args)
  File "main.py", line 77, in init_dataset_slice
    result = init_affinity((vnf_a, vnf_b))
  File "main.py", line 44, in init_affinity
    for fg in filter(lambda x: x.id in [y.id for y in vnf_b.fgs], vnf_a.fgs):
KeyboardInterrupt
  File "main.py", line 44, in init_affinity
    for fg in filter(lambda x: x.id in [y.id for y in vnf_b.fgs], vnf_a.fgs):
  File "main.py", line 44, in <lambda>
    for fg in filter(lambda x: x.id in [y.id for y in vnf_b.fgs], vnf_a.fgs):
KeyboardInterrupt
Process PoolWorker-4:
Traceback (most recent call last):
  File "/usr/lib/python2.7/multiprocessing/process.py", line 258, in _bootstrap
    self.run()
  File "/usr/lib/python2.7/multiprocessing/process.py", line 114, in run
    self._target(*self._args, **self._kwargs)
  File "/usr/lib/python2.7/multiprocessing/pool.py", line 113, in worker
    result = (True, func(*args, **kwds))
  File "/usr/lib/python2.7/multiprocessing/pool.py", line 65, in mapstar
    return map(*args)
  File "main.py", line 77, in init_dataset_slice
    result = init_affinity((vnf_a, vnf_b))
  File "main.py", line 49, in init_affinity
    if ((f.src == vnf_a.label and f.dst == vnf_b.label) or (f.src == vnf_b.label and f.dst == vnf_a.label)):
KeyboardInterrupt
    result = init_affinity((vnf_a, vnf_b))
  File "main.py", line 49, in init_affinity
    if ((f.src == vnf_a.label and f.dst == vnf_b.label) or (f.src == vnf_b.label and f.dst == vnf_a.label)):
KeyboardInterrupt
Process PoolWorker-2:
Traceback (most recent call last):
  File "/usr/lib/python2.7/multiprocessing/process.py", line 258, in _bootstrap
    self.run()
  File "/usr/lib/python2.7/multiprocessing/process.py", line 114, in run
    self._target(*self._args, **self._kwargs)
  File "/usr/lib/python2.7/multiprocessing/pool.py", line 113, in worker
    result = (True, func(*args, **kwds))
  File "/usr/lib/python2.7/multiprocessing/pool.py", line 65, in mapstar
    return map(*args)
  File "main.py", line 77, in init_dataset_slice
    result = init_affinity((vnf_a, vnf_b))
  File "main.py", line 49, in init_affinity
    if ((f.src == vnf_a.label and f.dst == vnf_b.label) or (f.src == vnf_b.label and f.dst == vnf_a.label)):
KeyboardInterrupt
Process PoolWorker-15:
Process PoolWorker-16:
Traceback (most recent call last):
Traceback (most recent call last):
  File "/usr/lib/python2.7/multiprocessing/process.py", line 258, in _bootstrap
  File "/usr/lib/python2.7/multiprocessing/process.py", line 258, in _bootstrap
    self.run()
    self.run()
  File "/usr/lib/python2.7/multiprocessing/process.py", line 114, in run
  File "/usr/lib/python2.7/multiprocessing/process.py", line 114, in run
    self._target(*self._args, **self._kwargs)
    self._target(*self._args, **self._kwargs)
  File "/usr/lib/python2.7/multiprocessing/pool.py", line 102, in worker
  File "/usr/lib/python2.7/multiprocessing/pool.py", line 102, in worker
    task = get()
    task = get()
  File "/usr/lib/python2.7/multiprocessing/queues.py", line 376, in get
  File "/usr/lib/python2.7/multiprocessing/queues.py", line 376, in get
    racquire()
    racquire()
KeyboardInterrupt
KeyboardInterrupt
Process PoolWorker-14:
Traceback (most recent call last):
  File "/usr/lib/python2.7/multiprocessing/process.py", line 258, in _bootstrap
    self.run()
  File "/usr/lib/python2.7/multiprocessing/process.py", line 114, in run
    self._target(*self._args, **self._kwargs)
  File "/usr/lib/python2.7/multiprocessing/pool.py", line 102, in worker
    task = get()
  File "/usr/lib/python2.7/multiprocessing/queues.py", line 376, in get
    racquire()
KeyboardInterrupt
Process PoolWorker-13:
Traceback (most recent call last):
  File "/usr/lib/python2.7/multiprocessing/process.py", line 258, in _bootstrap
    self.run()
  File "/usr/lib/python2.7/multiprocessing/process.py", line 114, in run
    self._target(*self._args, **self._kwargs)
  File "/usr/lib/python2.7/multiprocessing/pool.py", line 102, in worker
    task = get()
  File "/usr/lib/python2.7/multiprocessing/queues.py", line 376, in get
    racquire()
KeyboardInterrupt
Process PoolWorker-12:
Traceback (most recent call last):
  File "/usr/lib/python2.7/multiprocessing/process.py", line 258, in _bootstrap
    self.run()
  File "/usr/lib/python2.7/multiprocessing/process.py", line 114, in run
    self._target(*self._args, **self._kwargs)
  File "/usr/lib/python2.7/multiprocessing/pool.py", line 102, in worker
    task = get()
  File "/usr/lib/python2.7/multiprocessing/queues.py", line 376, in get
    racquire()
KeyboardInterrupt
Process PoolWorker-11:
Traceback (most recent call last):
  File "/usr/lib/python2.7/multiprocessing/process.py", line 258, in _bootstrap
    self.run()
  File "/usr/lib/python2.7/multiprocessing/process.py", line 114, in run
    self._target(*self._args, **self._kwargs)
  File "/usr/lib/python2.7/multiprocessing/pool.py", line 102, in worker
    task = get()
  File "/usr/lib/python2.7/multiprocessing/queues.py", line 376, in get
    racquire()
KeyboardInterrupt
Process PoolWorker-10:
Traceback (most recent call last):
  File "/usr/lib/python2.7/multiprocessing/process.py", line 258, in _bootstrap
    self.run()
  File "/usr/lib/python2.7/multiprocessing/process.py", line 114, in run
    self._target(*self._args, **self._kwargs)
  File "/usr/lib/python2.7/multiprocessing/pool.py", line 102, in worker
    task = get()
  File "/usr/lib/python2.7/multiprocessing/queues.py", line 376, in get
    racquire()
KeyboardInterrupt
Process PoolWorker-9:
Traceback (most recent call last):
  File "/usr/lib/python2.7/multiprocessing/process.py", line 258, in _bootstrap
    self.run()
  File "/usr/lib/python2.7/multiprocessing/process.py", line 114, in run
    self._target(*self._args, **self._kwargs)
  File "/usr/lib/python2.7/multiprocessing/pool.py", line 102, in worker
    task = get()
  File "/usr/lib/python2.7/multiprocessing/queues.py", line 378, in get
    return recv()
KeyboardInterrupt
Process PoolWorker-20:
Process PoolWorker-22:
Traceback (most recent call last):
Traceback (most recent call last):
  File "/usr/lib/python2.7/multiprocessing/process.py", line 258, in _bootstrap
  File "/usr/lib/python2.7/multiprocessing/process.py", line 258, in _bootstrap
    self.run()
    self.run()
  File "/usr/lib/python2.7/multiprocessing/process.py", line 114, in run
  File "/usr/lib/python2.7/multiprocessing/process.py", line 114, in run
    self._target(*self._args, **self._kwargs)
    self._target(*self._args, **self._kwargs)
  File "/usr/lib/python2.7/multiprocessing/pool.py", line 102, in worker
  File "/usr/lib/python2.7/multiprocessing/pool.py", line 102, in worker
    task = get()
    task = get()
  File "/usr/lib/python2.7/multiprocessing/queues.py", line 376, in get
  File "/usr/lib/python2.7/multiprocessing/queues.py", line 376, in get
    racquire()
    racquire()
KeyboardInterrupt
KeyboardInterrupt
Process PoolWorker-17:
Process PoolWorker-21:
Process PoolWorker-19:
Traceback (most recent call last):
Traceback (most recent call last):
Traceback (most recent call last):
  File "/usr/lib/python2.7/multiprocessing/process.py", line 258, in _bootstrap
  File "/usr/lib/python2.7/multiprocessing/process.py", line 258, in _bootstrap
  File "/usr/lib/python2.7/multiprocessing/process.py", line 258, in _bootstrap
    self.run()
    self.run()
  File "/usr/lib/python2.7/multiprocessing/process.py", line 114, in run
  File "/usr/lib/python2.7/multiprocessing/process.py", line 114, in run
    self.run()
  File "/usr/lib/python2.7/multiprocessing/process.py", line 114, in run
    self._target(*self._args, **self._kwargs)
    self._target(*self._args, **self._kwargs)
  File "/usr/lib/python2.7/multiprocessing/pool.py", line 102, in worker
  File "/usr/lib/python2.7/multiprocessing/pool.py", line 102, in worker
    self._target(*self._args, **self._kwargs)
  File "/usr/lib/python2.7/multiprocessing/pool.py", line 102, in worker
    task = get()
    task = get()
  File "/usr/lib/python2.7/multiprocessing/queues.py", line 378, in get
  File "/usr/lib/python2.7/multiprocessing/queues.py", line 376, in get
    task = get()
  File "/usr/lib/python2.7/multiprocessing/queues.py", line 376, in get
    return recv()
    racquire()
    racquire()
KeyboardInterrupt
KeyboardInterrupt
KeyboardInterrupt
Process PoolWorker-18:
Traceback (most recent call last):
  File "/usr/lib/python2.7/multiprocessing/process.py", line 258, in _bootstrap
    self.run()
  File "/usr/lib/python2.7/multiprocessing/process.py", line 114, in run
    self._target(*self._args, **self._kwargs)
  File "/usr/lib/python2.7/multiprocessing/pool.py", line 102, in worker
    task = get()
  File "/usr/lib/python2.7/multiprocessing/queues.py", line 376, in get
    racquire()
KeyboardInterrupt
Process PoolWorker-24:
Traceback (most recent call last):
  File "/usr/lib/python2.7/multiprocessing/process.py", line 258, in _bootstrap
    self.run()
  File "/usr/lib/python2.7/multiprocessing/process.py", line 114, in run
    self._target(*self._args, **self._kwargs)
  File "/usr/lib/python2.7/multiprocessing/pool.py", line 102, in worker
    task = get()
  File "/usr/lib/python2.7/multiprocessing/queues.py", line 376, in get
    racquire()
KeyboardInterrupt
Process PoolWorker-23:
Traceback (most recent call last):
  File "/usr/lib/python2.7/multiprocessing/process.py", line 258, in _bootstrap
    self.run()
  File "/usr/lib/python2.7/multiprocessing/process.py", line 114, in run
    self._target(*self._args, **self._kwargs)
  File "/usr/lib/python2.7/multiprocessing/pool.py", line 102, in worker
    task = get()
  File "/usr/lib/python2.7/multiprocessing/queues.py", line 376, in get
    racquire()
KeyboardInterrupt
Process PoolWorker-31:
Traceback (most recent call last):
  File "/usr/lib/python2.7/multiprocessing/process.py", line 258, in _bootstrap
    self.run()
  File "/usr/lib/python2.7/multiprocessing/process.py", line 114, in run
    self._target(*self._args, **self._kwargs)
  File "/usr/lib/python2.7/multiprocessing/pool.py", line 102, in worker
    task = get()
  File "/usr/lib/python2.7/multiprocessing/queues.py", line 376, in get
    racquire()
KeyboardInterrupt
Process PoolWorker-30:
Traceback (most recent call last):
  File "/usr/lib/python2.7/multiprocessing/process.py", line 258, in _bootstrap
    self.run()
  File "/usr/lib/python2.7/multiprocessing/process.py", line 114, in run
    self._target(*self._args, **self._kwargs)
  File "/usr/lib/python2.7/multiprocessing/pool.py", line 102, in worker
    task = get()
  File "/usr/lib/python2.7/multiprocessing/queues.py", line 376, in get
    racquire()
KeyboardInterrupt
Process PoolWorker-29:
Traceback (most recent call last):
  File "/usr/lib/python2.7/multiprocessing/process.py", line 258, in _bootstrap
    self.run()
  File "/usr/lib/python2.7/multiprocessing/process.py", line 114, in run
    self._target(*self._args, **self._kwargs)
  File "/usr/lib/python2.7/multiprocessing/pool.py", line 102, in worker
    task = get()
  File "/usr/lib/python2.7/multiprocessing/queues.py", line 376, in get
    racquire()
KeyboardInterrupt
Process PoolWorker-28:
Traceback (most recent call last):
  File "/usr/lib/python2.7/multiprocessing/process.py", line 258, in _bootstrap
    self.run()
  File "/usr/lib/python2.7/multiprocessing/process.py", line 114, in run
    self._target(*self._args, **self._kwargs)
  File "/usr/lib/python2.7/multiprocessing/pool.py", line 102, in worker
    task = get()
  File "/usr/lib/python2.7/multiprocessing/queues.py", line 376, in get
    racquire()
KeyboardInterrupt
Process PoolWorker-27:
Traceback (most recent call last):
  File "/usr/lib/python2.7/multiprocessing/process.py", line 258, in _bootstrap
    self.run()
  File "/usr/lib/python2.7/multiprocessing/process.py", line 114, in run
    self._target(*self._args, **self._kwargs)
  File "/usr/lib/python2.7/multiprocessing/pool.py", line 102, in worker
    task = get()
  File "/usr/lib/python2.7/multiprocessing/queues.py", line 376, in get
    racquire()
KeyboardInterrupt
Process PoolWorker-26:
Traceback (most recent call last):
  File "/usr/lib/python2.7/multiprocessing/process.py", line 258, in _bootstrap
    self.run()
  File "/usr/lib/python2.7/multiprocessing/process.py", line 114, in run
    self._target(*self._args, **self._kwargs)
  File "/usr/lib/python2.7/multiprocessing/pool.py", line 102, in worker
    task = get()
  File "/usr/lib/python2.7/multiprocessing/queues.py", line 376, in get
    racquire()
KeyboardInterrupt
Process PoolWorker-25:
Traceback (most recent call last):
  File "/usr/lib/python2.7/multiprocessing/process.py", line 258, in _bootstrap
    self.run()
  File "/usr/lib/python2.7/multiprocessing/process.py", line 114, in run
    self._target(*self._args, **self._kwargs)
  File "/usr/lib/python2.7/multiprocessing/pool.py", line 102, in worker
    task = get()
  File "/usr/lib/python2.7/multiprocessing/queues.py", line 376, in get
    racquire()
KeyboardInterrupt
Process PoolWorker-32:
Traceback (most recent call last):
  File "/usr/lib/python2.7/multiprocessing/process.py", line 258, in _bootstrap
    self.run()
  File "/usr/lib/python2.7/multiprocessing/process.py", line 114, in run
    self._target(*self._args, **self._kwargs)
  File "/usr/lib/python2.7/multiprocessing/pool.py", line 102, in worker
    task = get()
  File "/usr/lib/python2.7/multiprocessing/queues.py", line 376, in get
    racquire()
KeyboardInterrupt
Process PoolWorker-37:
Process PoolWorker-34:
Process PoolWorker-33:
Process PoolWorker-38:
Traceback (most recent call last):
Traceback (most recent call last):
Traceback (most recent call last):
Traceback (most recent call last):
Process PoolWorker-40:
  File "/usr/lib/python2.7/multiprocessing/process.py", line 258, in _bootstrap
  File "/usr/lib/python2.7/multiprocessing/process.py", line 258, in _bootstrap
  File "/usr/lib/python2.7/multiprocessing/process.py", line 258, in _bootstrap
  File "/usr/lib/python2.7/multiprocessing/process.py", line 258, in _bootstrap
Traceback (most recent call last):
  File "/usr/lib/python2.7/multiprocessing/process.py", line 258, in _bootstrap
    self.run()
    self.run()
    self.run()
    self.run()
  File "/usr/lib/python2.7/multiprocessing/process.py", line 114, in run
  File "/usr/lib/python2.7/multiprocessing/process.py", line 114, in run
  File "/usr/lib/python2.7/multiprocessing/process.py", line 114, in run
  File "/usr/lib/python2.7/multiprocessing/process.py", line 114, in run
    self.run()
    self._target(*self._args, **self._kwargs)
    self._target(*self._args, **self._kwargs)
    self._target(*self._args, **self._kwargs)
    self._target(*self._args, **self._kwargs)
  File "/usr/lib/python2.7/multiprocessing/process.py", line 114, in run
  File "/usr/lib/python2.7/multiprocessing/pool.py", line 102, in worker
  File "/usr/lib/python2.7/multiprocessing/pool.py", line 102, in worker
  File "/usr/lib/python2.7/multiprocessing/pool.py", line 102, in worker
  File "/usr/lib/python2.7/multiprocessing/pool.py", line 102, in worker
    self._target(*self._args, **self._kwargs)
  File "/usr/lib/python2.7/multiprocessing/pool.py", line 102, in worker
    task = get()
    task = get()
    task = get()
    task = get()
  File "/usr/lib/python2.7/multiprocessing/queues.py", line 376, in get
  File "/usr/lib/python2.7/multiprocessing/queues.py", line 376, in get
    task = get()
  File "/usr/lib/python2.7/multiprocessing/queues.py", line 376, in get
  File "/usr/lib/python2.7/multiprocessing/queues.py", line 376, in get
  File "/usr/lib/python2.7/multiprocessing/queues.py", line 376, in get
    racquire()
    racquire()
    racquire()
    racquire()
    racquire()
KeyboardInterrupt
KeyboardInterrupt
KeyboardInterrupt
KeyboardInterrupt
KeyboardInterrupt
Process PoolWorker-36:
Traceback (most recent call last):
  File "/usr/lib/python2.7/multiprocessing/process.py", line 258, in _bootstrap
Process PoolWorker-35:
Process PoolWorker-39:
Traceback (most recent call last):
Traceback (most recent call last):
  File "/usr/lib/python2.7/multiprocessing/process.py", line 258, in _bootstrap
  File "/usr/lib/python2.7/multiprocessing/process.py", line 258, in _bootstrap
    self.run()
  File "/usr/lib/python2.7/multiprocessing/process.py", line 114, in run
    self.run()
  File "/usr/lib/python2.7/multiprocessing/process.py", line 114, in run
    self._target(*self._args, **self._kwargs)
    self.run()
  File "/usr/lib/python2.7/multiprocessing/pool.py", line 102, in worker
  File "/usr/lib/python2.7/multiprocessing/process.py", line 114, in run
    self._target(*self._args, **self._kwargs)
    self._target(*self._args, **self._kwargs)
  File "/usr/lib/python2.7/multiprocessing/pool.py", line 102, in worker
  File "/usr/lib/python2.7/multiprocessing/pool.py", line 102, in worker
    task = get()
    task = get()
  File "/usr/lib/python2.7/multiprocessing/queues.py", line 376, in get
  File "/usr/lib/python2.7/multiprocessing/queues.py", line 376, in get
    task = get()
  File "/usr/lib/python2.7/multiprocessing/queues.py", line 376, in get
    racquire()
    racquire()
    racquire()
KeyboardInterrupt
KeyboardInterrupt
KeyboardInterrupt
Parsing vnfs and fgs
50000
1694
48971
Parsing time (s): 1.85320901871
Initializing affinity dataset
Initializing time (s): 3115.92604303
Splitting dataset
Dataset size: 157934
Fit cases 126347
Validate cases 15793
Test cases 15794
Starting fit
Starting validation
Validation R-squared value: 0.636556916798
Best rsquared found! 0.636556916798
Starting test
Writing results
('R Squared Real-Predicted: ', '0.63871343492')
('R Squared Real-Static: ', '0.0256592867081')
Fit-validate-test time (s): 128.074630022
Total time (s): 3245.85390377
